createPreference start 2026-01-12T21:51:38.777Z
assetId: 693f476bc421c94330e3317b
asset: 693f476bc421c94330e3317b
about to call MP API
mpPref received undefined
createPreference start 2026-01-12T21:52:46.769Z
assetId: 693f476bc421c94330e3317b
asset: 693f476bc421c94330e3317b
about to call MP API
mpPref received undefined
createPreference start 2026-01-12T21:54:03.926Z
assetId: 693f476bc421c94330e3317b
asset: 693f476bc421c94330e3317b
about to call MP API
mpPref received undefined
createPreference start 2026-01-12T21:54:43.759Z
assetId: 693f476bc421c94330e3317b
asset: 693f476bc421c94330e3317b
about to call MP API
mpPref received undefined
createPreference start 2026-01-12T22:01:38.138Z
assetId: 693f476bc421c94330e3317b
asset: 693f476bc421c94330e3317b
about to call MP API
mpPref received undefined
createPreferencePublic start 2026-01-12T22:51:23.290Z
asset: 693f476bc421c94330e3317b
createPreferencePublic start 2026-01-12T22:51:40.286Z
asset: 693f476bc421c94330e3317b
createPreferencePublic start 2026-01-12T22:55:13.542Z
